<?xml version="1.0" encoding="UTF-8"?>
<testsuite name="at.backend.CRM.CrmApplicationTests" tests="1" skipped="0" failures="0" errors="0" timestamp="2025-02-28T20:49:11" hostname="alexiss-MacBook-Air.local" time="0.305">
  <properties/>
  <testcase name="contextLoads()" classname="at.backend.CRM.CrmApplicationTests" time="0.305"/>
  <system-out><![CDATA[14:49:08.535 [Test worker] INFO org.springframework.test.context.support.AnnotationConfigContextLoaderUtils -- Could not detect default configuration classes for test class [at.backend.CRM.CrmApplicationTests]: CrmApplicationTests does not declare any static, non-private, non-final, nested classes annotated with @Configuration.
14:49:08.603 [Test worker] INFO org.springframework.boot.test.context.SpringBootTestContextBootstrapper -- Found @SpringBootConfiguration at.backend.CRM.CrmApplication for test class at.backend.CRM.CrmApplicationTests

  .   ____          _            __ _ _
 /\\ / ___'_ __ _ _(_)_ __  __ _ \ \ \ \
( ( )\___ | '_ | '_| | '_ \/ _` | \ \ \ \
 \\/  ___)| |_)| | | | | || (_| |  ) ) ) )
  '  |____| .__|_| |_|_| |_\__, | / / / /
 =========|_|==============|___/=/_/_/_/

 :: Spring Boot ::                (v3.4.1)

2025-02-28T14:49:08.787-06:00  INFO 70688 --- [CRM] [    Test worker] at.backend.CRM.CrmApplicationTests       : Starting CrmApplicationTests using Java 23.0.2 with PID 70688 (started by alexis in /Users/alexis/Documents/Java/CRM_API)
2025-02-28T14:49:08.788-06:00  INFO 70688 --- [CRM] [    Test worker] at.backend.CRM.CrmApplicationTests       : No active profile set, falling back to 1 default profile: "default"
2025-02-28T14:49:09.208-06:00  INFO 70688 --- [CRM] [    Test worker] .s.d.r.c.RepositoryConfigurationDelegate : Bootstrapping Spring Data JPA repositories in DEFAULT mode.
2025-02-28T14:49:09.287-06:00  INFO 70688 --- [CRM] [    Test worker] .s.d.r.c.RepositoryConfigurationDelegate : Finished Spring Data repository scanning in 75 ms. Found 9 JPA repository interfaces.
2025-02-28T14:49:09.521-06:00  INFO 70688 --- [CRM] [    Test worker] o.hibernate.jpa.internal.util.LogHelper  : HHH000204: Processing PersistenceUnitInfo [name: default]
2025-02-28T14:49:09.547-06:00  INFO 70688 --- [CRM] [    Test worker] org.hibernate.Version                    : HHH000412: Hibernate ORM core version 6.6.4.Final
2025-02-28T14:49:09.561-06:00  INFO 70688 --- [CRM] [    Test worker] o.h.c.internal.RegionFactoryInitiator    : HHH000026: Second-level cache disabled
2025-02-28T14:49:09.672-06:00  INFO 70688 --- [CRM] [    Test worker] o.s.o.j.p.SpringPersistenceUnitInfo      : No LoadTimeWeaver setup: ignoring JPA class transformer
2025-02-28T14:49:09.684-06:00  INFO 70688 --- [CRM] [    Test worker] com.zaxxer.hikari.HikariDataSource       : HikariPool-1 - Starting...
2025-02-28T14:49:09.746-06:00  INFO 70688 --- [CRM] [    Test worker] com.zaxxer.hikari.pool.HikariPool        : HikariPool-1 - Added connection org.postgresql.jdbc.PgConnection@6b3b2c34
2025-02-28T14:49:09.746-06:00  INFO 70688 --- [CRM] [    Test worker] com.zaxxer.hikari.HikariDataSource       : HikariPool-1 - Start completed.
2025-02-28T14:49:09.779-06:00  WARN 70688 --- [CRM] [    Test worker] org.hibernate.orm.deprecation            : HHH90000025: PostgreSQLDialect does not need to be specified explicitly using 'hibernate.dialect' (remove the property setting and it will be selected by default)
2025-02-28T14:49:09.797-06:00  INFO 70688 --- [CRM] [    Test worker] org.hibernate.orm.connections.pooling    : HHH10001005: Database info:
	Database JDBC URL [Connecting through datasource 'HikariDataSource (HikariPool-1)']
	Database driver: undefined/unknown
	Database version: 14.15
	Autocommit mode: undefined/unknown
	Isolation level: undefined/unknown
	Minimum pool size: undefined/unknown
	Maximum pool size: undefined/unknown
2025-02-28T14:49:10.331-06:00  INFO 70688 --- [CRM] [    Test worker] o.h.e.t.j.p.i.JtaPlatformInitiator       : HHH000489: No JTA platform available (set 'hibernate.transaction.jta.platform' to enable JTA platform integration)
2025-02-28T14:49:10.501-06:00  INFO 70688 --- [CRM] [    Test worker] j.LocalContainerEntityManagerFactoryBean : Initialized JPA EntityManagerFactory for persistence unit 'default'
2025-02-28T14:49:10.759-06:00  WARN 70688 --- [CRM] [    Test worker] JpaBaseConfiguration$JpaWebConfiguration : spring.jpa.open-in-view is enabled by default. Therefore, database queries may be performed during view rendering. Explicitly configure spring.jpa.open-in-view to disable this warning
2025-02-28T14:49:10.785-06:00  WARN 70688 --- [CRM] [    Test worker] .s.s.UserDetailsServiceAutoConfiguration : 

Using generated security password: c0cd19ae-0352-4404-a327-8a1ba033c55a

This generated password is for development use only. Your security configuration must be updated before running your application in production.

2025-02-28T14:49:10.807-06:00  INFO 70688 --- [CRM] [    Test worker] r$InitializeUserDetailsManagerConfigurer : Global AuthenticationManager configured with UserDetailsService bean with name inMemoryUserDetailsManager
2025-02-28T14:49:11.100-06:00  INFO 70688 --- [CRM] [    Test worker] efaultSchemaResourceGraphQlSourceBuilder : Loaded 1 resource(s) in the GraphQL schema.
2025-02-28T14:49:11.207-06:00  INFO 70688 --- [CRM] [    Test worker] o.s.b.a.g.GraphQlAutoConfiguration       : GraphQL schema inspection:
	Unmapped fields: {Query=[getActivityById, getAttributionById, getCampaignInteractionById, getMetricById, getCampaignById, getSegmentById], Mutation=[createActivity, updateActivity, deleteActivity, createMarketingInteraction, updateMarketingInteraction, deleteMarketingInteraction, createAttribution, updateAttribution, deleteAttribution, createMetric, updateMetric, deleteMetric, createCampaign, updateCampaign, deleteCampaign, createSegment, updateSegment, deleteSegment]}
	Unmapped registrations: {}
	Unmapped arguments: {}
	Skipped types: []
2025-02-28T14:49:11.218-06:00  INFO 70688 --- [CRM] [    Test worker] s.b.a.g.s.GraphQlWebMvcAutoConfiguration : GraphQL endpoint HTTP POST /graphql
2025-02-28T14:49:11.315-06:00  INFO 70688 --- [CRM] [    Test worker] at.backend.CRM.CrmApplicationTests       : Started CrmApplicationTests in 2.65 seconds (process running for 3.201)
]]></system-out>
  <system-err><![CDATA[Mockito is currently self-attaching to enable the inline-mock-maker. This will no longer work in future releases of the JDK. Please add Mockito as an agent to your build what is described in Mockito's documentation: https://javadoc.io/doc/org.mockito/mockito-core/latest/org/mockito/Mockito.html#0.3
WARNING: A Java agent has been loaded dynamically (/Users/alexis/.gradle/caches/modules-2/files-2.1/net.bytebuddy/byte-buddy-agent/1.15.11/a38b16385e867f59a641330f0362ebe742788ed8/byte-buddy-agent-1.15.11.jar)
WARNING: If a serviceability tool is in use, please run with -XX:+EnableDynamicAgentLoading to hide this warning
WARNING: If a serviceability tool is not in use, please run with -Djdk.instrument.traceUsage for more information
WARNING: Dynamic loading of agents will be disallowed by default in a future release
]]></system-err>
</testsuite>
