<?xml version="1.0" encoding="UTF-8"?>
<testsuite name="at.backend.MarketingCompany.CrmApplicationTests" tests="1" skipped="0" failures="0" errors="0" timestamp="2025-03-03T22:58:22" hostname="alexiss-MacBook-Air.local" time="0.34">
  <properties/>
  <testcase name="contextLoads()" classname="at.backend.MarketingCompany.CrmApplicationTests" time="0.34"/>
  <system-out><![CDATA[16:58:18.328 [Test worker] INFO org.springframework.test.context.support.AnnotationConfigContextLoaderUtils -- Could not detect default configuration classes for test class [at.backend.MarketingCompany.CrmApplicationTests]: CrmApplicationTests does not declare any static, non-private, non-final, nested classes annotated with @Configuration.
16:58:18.392 [Test worker] INFO org.springframework.boot.test.context.SpringBootTestContextBootstrapper -- Found @SpringBootConfiguration at.backend.MarketingCompany.MarketingCompanyApplication for test class at.backend.MarketingCompany.CrmApplicationTests

  .   ____          _            __ _ _
 /\\ / ___'_ __ _ _(_)_ __  __ _ \ \ \ \
( ( )\___ | '_ | '_| | '_ \/ _` | \ \ \ \
 \\/  ___)| |_)| | | | | || (_| |  ) ) ) )
  '  |____| .__|_| |_|_| |_\__, | / / / /
 =========|_|==============|___/=/_/_/_/

 :: Spring Boot ::                (v3.4.1)

2025-03-03T16:58:18.558-06:00  INFO 2728 --- [CRM] [    Test worker] a.b.M.CrmApplicationTests                : Starting CrmApplicationTests using Java 23.0.2 with PID 2728 (started by alexis in /Users/alexis/Documents/Java/CRM_API)
2025-03-03T16:58:18.559-06:00  INFO 2728 --- [CRM] [    Test worker] a.b.M.CrmApplicationTests                : No active profile set, falling back to 1 default profile: "default"
2025-03-03T16:58:18.959-06:00  INFO 2728 --- [CRM] [    Test worker] .s.d.r.c.RepositoryConfigurationDelegate : Bootstrapping Spring Data JPA repositories in DEFAULT mode.
2025-03-03T16:58:19.060-06:00  INFO 2728 --- [CRM] [    Test worker] .s.d.r.c.RepositoryConfigurationDelegate : Finished Spring Data repository scanning in 96 ms. Found 15 JPA repository interfaces.
2025-03-03T16:58:19.310-06:00  INFO 2728 --- [CRM] [    Test worker] o.hibernate.jpa.internal.util.LogHelper  : HHH000204: Processing PersistenceUnitInfo [name: default]
2025-03-03T16:58:19.333-06:00  INFO 2728 --- [CRM] [    Test worker] org.hibernate.Version                    : HHH000412: Hibernate ORM core version 6.6.4.Final
2025-03-03T16:58:19.345-06:00  INFO 2728 --- [CRM] [    Test worker] o.h.c.internal.RegionFactoryInitiator    : HHH000026: Second-level cache disabled
2025-03-03T16:58:19.463-06:00  INFO 2728 --- [CRM] [    Test worker] o.s.o.j.p.SpringPersistenceUnitInfo      : No LoadTimeWeaver setup: ignoring JPA class transformer
2025-03-03T16:58:19.475-06:00  INFO 2728 --- [CRM] [    Test worker] com.zaxxer.hikari.HikariDataSource       : HikariPool-1 - Starting...
2025-03-03T16:58:19.539-06:00  INFO 2728 --- [CRM] [    Test worker] com.zaxxer.hikari.pool.HikariPool        : HikariPool-1 - Added connection org.postgresql.jdbc.PgConnection@7962a746
2025-03-03T16:58:19.539-06:00  INFO 2728 --- [CRM] [    Test worker] com.zaxxer.hikari.HikariDataSource       : HikariPool-1 - Start completed.
2025-03-03T16:58:19.562-06:00  WARN 2728 --- [CRM] [    Test worker] org.hibernate.orm.deprecation            : HHH90000025: PostgreSQLDialect does not need to be specified explicitly using 'hibernate.dialect' (remove the property setting and it will be selected by default)
2025-03-03T16:58:19.571-06:00  INFO 2728 --- [CRM] [    Test worker] org.hibernate.orm.connections.pooling    : HHH10001005: Database info:
	Database JDBC URL [Connecting through datasource 'HikariDataSource (HikariPool-1)']
	Database driver: undefined/unknown
	Database version: 14.15
	Autocommit mode: undefined/unknown
	Isolation level: undefined/unknown
	Minimum pool size: undefined/unknown
	Maximum pool size: undefined/unknown
2025-03-03T16:58:20.191-06:00  INFO 2728 --- [CRM] [    Test worker] o.h.e.t.j.p.i.JtaPlatformInitiator       : HHH000489: No JTA platform available (set 'hibernate.transaction.jta.platform' to enable JTA platform integration)
2025-03-03T16:58:20.584-06:00  INFO 2728 --- [CRM] [    Test worker] j.LocalContainerEntityManagerFactoryBean : Initialized JPA EntityManagerFactory for persistence unit 'default'
2025-03-03T16:58:20.877-06:00  INFO 2728 --- [CRM] [    Test worker] o.s.d.j.r.query.QueryEnhancerFactory     : Hibernate is in classpath; If applicable, HQL parser will be used.
2025-03-03T16:58:21.455-06:00  WARN 2728 --- [CRM] [    Test worker] JpaBaseConfiguration$JpaWebConfiguration : spring.jpa.open-in-view is enabled by default. Therefore, database queries may be performed during view rendering. Explicitly configure spring.jpa.open-in-view to disable this warning
2025-03-03T16:58:21.472-06:00  WARN 2728 --- [CRM] [    Test worker] .s.s.UserDetailsServiceAutoConfiguration : 

Using generated security password: 6b84c504-7c2e-4c94-9a16-cc41e62ab0f9

This generated password is for development use only. Your security configuration must be updated before running your application in production.

2025-03-03T16:58:21.489-06:00  INFO 2728 --- [CRM] [    Test worker] r$InitializeUserDetailsManagerConfigurer : Global AuthenticationManager configured with UserDetailsService bean with name inMemoryUserDetailsManager
2025-03-03T16:58:21.777-06:00  INFO 2728 --- [CRM] [    Test worker] efaultSchemaResourceGraphQlSourceBuilder : Loaded 1 resource(s) in the GraphQL schema.
2025-03-03T16:58:21.891-06:00  INFO 2728 --- [CRM] [    Test worker] o.s.b.a.g.GraphQlAutoConfiguration       : GraphQL schema inspection:
	Unmapped fields: {}
	Unmapped registrations: {}
	Unmapped arguments: {}
	Skipped types: []
2025-03-03T16:58:21.907-06:00  INFO 2728 --- [CRM] [    Test worker] s.b.a.g.s.GraphQlWebMvcAutoConfiguration : GraphQL endpoint HTTP POST /graphql
2025-03-03T16:58:22.005-06:00  INFO 2728 --- [CRM] [    Test worker] a.b.M.CrmApplicationTests                : Started CrmApplicationTests in 3.555 seconds (process running for 4.083)
]]></system-out>
  <system-err><![CDATA[Mockito is currently self-attaching to enable the inline-mock-maker. This will no longer work in future releases of the JDK. Please add Mockito as an agent to your build what is described in Mockito's documentation: https://javadoc.io/doc/org.mockito/mockito-core/latest/org/mockito/Mockito.html#0.3
WARNING: A Java agent has been loaded dynamically (/Users/alexis/.gradle/caches/modules-2/files-2.1/net.bytebuddy/byte-buddy-agent/1.15.11/a38b16385e867f59a641330f0362ebe742788ed8/byte-buddy-agent-1.15.11.jar)
WARNING: If a serviceability tool is in use, please run with -XX:+EnableDynamicAgentLoading to hide this warning
WARNING: If a serviceability tool is not in use, please run with -Djdk.instrument.traceUsage for more information
WARNING: Dynamic loading of agents will be disallowed by default in a future release
]]></system-err>
</testsuite>
